# JRE version: OpenJDK Runtime Environment (8.0_202) (build 1.8.0_202-release-1483-b49-5587405)
# Java VM: OpenJDK 64-Bit Server VM (25.202-b49-5587405 mixed mode linux-amd64 compressed oops)
Heap:
 PSYoungGen      total 610816K, used 66562K [0x00000000d5580000, 0x0000000100000000, 0x0000000100000000)
  eden space 535040K, 0% used [0x00000000d5580000,0x00000000d5580000,0x00000000f6000000)
  from space 75776K, 87% used [0x00000000f6000000,0x00000000fa1008a8,0x00000000faa00000)
  to   space 88064K, 0% used [0x00000000faa00000,0x00000000faa00000,0x0000000100000000)
 ParOldGen       total 246784K, used 233413K [0x0000000080000000, 0x000000008f100000, 0x00000000d5580000)
  object space 246784K, 94% used [0x0000000080000000,0x000000008e3f1628,0x000000008f100000)
 Metaspace       used 99546K, capacity 104985K, committed 105384K, reserved 1140736K
  class space    used 12654K, capacity 13924K, committed 14000K, reserved 1048576K
GC Heap History (10 events):
Event: 209.514 GC heap after
Heap after GC invocations=32 (full 4):
 PSYoungGen      total 632832K, used 27860K [0x00000000d5580000, 0x00000000ff880000, 0x0000000100000000)
  eden space 576512K, 0% used [0x00000000d5580000,0x00000000d5580000,0x00000000f8880000)
  from space 56320K, 49% used [0x00000000fc180000,0x00000000fdcb5378,0x00000000ff880000)
  to   space 57344K, 0% used [0x00000000f8880000,0x00000000f8880000,0x00000000fc080000)
 ParOldGen       total 135168K, used 89684K [0x0000000080000000, 0x0000000088400000, 0x00000000d5580000)
  object space 135168K, 66% used [0x0000000080000000,0x00000000857952a0,0x0000000088400000)
 Metaspace       used 97229K, capacity 102321K, committed 102440K, reserved 1138688K
  class space    used 12380K, capacity 13570K, committed 13616K, reserved 1048576K
}
Event: 218.127 GC heap before
{Heap before GC invocations=33 (full 4):
 PSYoungGen      total 632832K, used 604372K [0x00000000d5580000, 0x00000000ff880000, 0x0000000100000000)
  eden space 576512K, 100% used [0x00000000d5580000,0x00000000f8880000,0x00000000f8880000)
  from space 56320K, 49% used [0x00000000fc180000,0x00000000fdcb5378,0x00000000ff880000)
  to   space 57344K, 0% used [0x00000000f8880000,0x00000000f8880000,0x00000000fc080000)
 ParOldGen       total 135168K, used 89684K [0x0000000080000000, 0x0000000088400000, 0x00000000d5580000)
  object space 135168K, 66% used [0x0000000080000000,0x00000000857952a0,0x0000000088400000)
 Metaspace       used 98774K, capacity 104165K, committed 104488K, reserved 1140736K
  class space    used 12557K, capacity 13826K, committed 13872K, reserved 1048576K
Event: 218.156 GC heap after
Heap after GC invocations=33 (full 4):
 PSYoungGen      total 633856K, used 23853K [0x00000000d5580000, 0x00000000ffe00000, 0x0000000100000000)
  eden space 576512K, 0% used [0x00000000d5580000,0x00000000d5580000,0x00000000f8880000)
  from space 57344K, 41% used [0x00000000f8880000,0x00000000f9fcb428,0x00000000fc080000)
  to   space 55808K, 0% used [0x00000000fc780000,0x00000000fc780000,0x00000000ffe00000)
 ParOldGen       total 135168K, used 89692K [0x0000000080000000, 0x0000000088400000, 0x00000000d5580000)
  object space 135168K, 66% used [0x0000000080000000,0x00000000857972a0,0x0000000088400000)
 Metaspace       used 98774K, capacity 104165K, committed 104488K, reserved 1140736K
  class space    used 12557K, capacity 13826K, committed 13872K, reserved 1048576K
}
Event: 221.938 GC heap before
{Heap before GC invocations=34 (full 4):
 PSYoungGen      total 633856K, used 597257K [0x00000000d5580000, 0x00000000ffe00000, 0x0000000100000000)
  eden space 576512K, 99% used [0x00000000d5580000,0x00000000f8577090,0x00000000f8880000)
  from space 57344K, 41% used [0x00000000f8880000,0x00000000f9fcb428,0x00000000fc080000)
  to   space 55808K, 0% used [0x00000000fc780000,0x00000000fc780000,0x00000000ffe00000)
 ParOldGen       total 135168K, used 89692K [0x0000000080000000, 0x0000000088400000, 0x00000000d5580000)
  object space 135168K, 66% used [0x0000000080000000,0x00000000857972a0,0x0000000088400000)
 Metaspace       used 99592K, capacity 105123K, committed 105384K, reserved 1140736K
  class space    used 12672K, capacity 13957K, committed 14000K, reserved 1048576K
Event: 222.125 GC heap after
Heap after GC invocations=34 (full 4):
 PSYoungGen      total 590848K, used 55797K [0x00000000d5580000, 0x0000000100000000, 0x0000000100000000)
  eden space 535040K, 0% used [0x00000000d5580000,0x00000000d5580000,0x00000000f6000000)
  from space 55808K, 99% used [0x00000000fc780000,0x00000000ffdfd7a8,0x00000000ffe00000)
  to   space 81920K, 0% used [0x00000000f6000000,0x00000000f6000000,0x00000000fb000000)
 ParOldGen       total 141824K, used 141432K [0x0000000080000000, 0x0000000088a80000, 0x00000000d5580000)
  object space 141824K, 99% used [0x0000000080000000,0x0000000088a1e170,0x0000000088a80000)
 Metaspace       used 99592K, capacity 105123K, committed 105384K, reserved 1140736K
  class space    used 12672K, capacity 13957K, committed 14000K, reserved 1048576K
}
Event: 222.125 GC heap before
{Heap before GC invocations=35 (full 5):
 PSYoungGen      total 590848K, used 55797K [0x00000000d5580000, 0x0000000100000000, 0x0000000100000000)
  eden space 535040K, 0% used [0x00000000d5580000,0x00000000d5580000,0x00000000f6000000)
  from space 55808K, 99% used [0x00000000fc780000,0x00000000ffdfd7a8,0x00000000ffe00000)
  to   space 81920K, 0% used [0x00000000f6000000,0x00000000f6000000,0x00000000fb000000)
 ParOldGen       total 141824K, used 141432K [0x0000000080000000, 0x0000000088a80000, 0x00000000d5580000)
  object space 141824K, 99% used [0x0000000080000000,0x0000000088a1e170,0x0000000088a80000)
 Metaspace       used 99592K, capacity 105123K, committed 105384K, reserved 1140736K
  class space    used 12672K, capacity 13957K, committed 14000K, reserved 1048576K
Event: 223.108 GC heap after
Heap after GC invocations=35 (full 5):
 PSYoungGen      total 590848K, used 51020K [0x00000000d5580000, 0x0000000100000000, 0x0000000100000000)
  eden space 535040K, 0% used [0x00000000d5580000,0x00000000d5580000,0x00000000f6000000)
  from space 55808K, 91% used [0x00000000fc780000,0x00000000ff953210,0x00000000ffe00000)
  to   space 81920K, 0% used [0x00000000f6000000,0x00000000f6000000,0x00000000fb000000)
 ParOldGen       total 224256K, used 140202K [0x0000000080000000, 0x000000008db00000, 0x00000000d5580000)
  object space 224256K, 62% used [0x0000000080000000,0x00000000888eabd0,0x000000008db00000)
 Metaspace       used 99538K, capacity 104985K, committed 105384K, reserved 1140736K
  class space    used 12654K, capacity 13924K, committed 14000K, reserved 1048576K
}
Event: 224.783 GC heap before
{Heap before GC invocations=36 (full 5):
 PSYoungGen      total 590848K, used 585722K [0x00000000d5580000, 0x0000000100000000, 0x0000000100000000)
  eden space 535040K, 99% used [0x00000000d5580000,0x00000000f5fab628,0x00000000f6000000)
  from space 55808K, 91% used [0x00000000fc780000,0x00000000ff953210,0x00000000ffe00000)
  to   space 81920K, 0% used [0x00000000f6000000,0x00000000f6000000,0x00000000fb000000)
 ParOldGen       total 224256K, used 140202K [0x0000000080000000, 0x000000008db00000, 0x00000000d5580000)
  object space 224256K, 62% used [0x0000000080000000,0x00000000888eabd0,0x000000008db00000)
 Metaspace       used 99546K, capacity 104985K, committed 105384K, reserved 1140736K
  class space    used 12654K, capacity 13924K, committed 14000K, reserved 1048576K
Event: 224.932 GC heap after
Heap after GC invocations=36 (full 5):
 PSYoungGen      total 610816K, used 75555K [0x00000000d5580000, 0x0000000100000000, 0x0000000100000000)
  eden space 535040K, 0% used [0x00000000d5580000,0x00000000d5580000,0x00000000f6000000)
  from space 75776K, 99% used [0x00000000f6000000,0x00000000fa9c8f18,0x00000000faa00000)
  to   space 88064K, 0% used [0x00000000faa00000,0x00000000faa00000,0x0000000100000000)
 ParOldGen       total 246784K, used 244987K [0x0000000080000000, 0x000000008f100000, 0x00000000d5580000)
  object space 246784K, 99% used [0x0000000080000000,0x000000008ef3ef20,0x000000008f100000)
 Metaspace       used 99546K, capacity 104985K, committed 105384K, reserved 1140736K
  class space    used 12654K, capacity 13924K, committed 14000K, reserved 1048576K
}
Event: 224.932 GC heap before
{Heap before GC invocations=37 (full 6):
 PSYoungGen      total 610816K, used 75555K [0x00000000d5580000, 0x0000000100000000, 0x0000000100000000)
  eden space 535040K, 0% used [0x00000000d5580000,0x00000000d5580000,0x00000000f6000000)
  from space 75776K, 99% used [0x00000000f6000000,0x00000000fa9c8f18,0x00000000faa00000)
  to   space 88064K, 0% used [0x00000000faa00000,0x00000000faa00000,0x0000000100000000)
 ParOldGen       total 246784K, used 244987K [0x0000000080000000, 0x000000008f100000, 0x00000000d5580000)
  object space 246784K, 99% used [0x0000000080000000,0x000000008ef3ef20,0x000000008f100000)
 Metaspace       used 99546K, capacity 104985K, committed 105384K, reserved 1140736K
  class space    used 12654K, capacity 13924K, committed 14000K, reserved 1048576K

